# JRE version: Java(TM) SE Runtime Environment (8.0_66-b17) (build 1.8.0_66-b17)
# Java VM: Java HotSpot(TM) 64-Bit Server VM (25.66-b17 mixed mode windows-amd64 compressed oops)
Heap:
 PSYoungGen      total 192512K, used 192422K [0x00000000e0000000, 0x00000000ed700000, 0x0000000100000000)
  eden space 180736K, 100% used [0x00000000e0000000,0x00000000eb080000,0x00000000eb080000)
  from space 11776K, 99% used [0x00000000ebd00000,0x00000000ec8699b8,0x00000000ec880000)
  to   space 12800K, 99% used [0x00000000eb080000,0x00000000ebcf8ab0,0x00000000ebd00000)
 ParOldGen       total 83968K, used 23435K [0x00000000a0000000, 0x00000000a5200000, 0x00000000e0000000)
  object space 83968K, 27% used [0x00000000a0000000,0x00000000a16e2f20,0x00000000a5200000)
 Metaspace       used 48988K, capacity 50503K, committed 50648K, reserved 1093632K
  class space    used 6711K, capacity 7085K, committed 7168K, reserved 1048576K
GC Heap History (10 events):
Event: 8.314 GC heap after
Heap after GC invocations=6 (full 1):
 PSYoungGen      total 71680K, used 5103K [0x00000000e0000000, 0x00000000e8380000, 0x0000000100000000)
  eden space 66560K, 0% used [0x00000000e0000000,0x00000000e0000000,0x00000000e4100000)
  from space 5120K, 99% used [0x00000000e4100000,0x00000000e45fbc10,0x00000000e4600000)
  to   space 10752K, 0% used [0x00000000e7900000,0x00000000e7900000,0x00000000e8380000)
 ParOldGen       total 56832K, used 12246K [0x00000000a0000000, 0x00000000a3780000, 0x00000000e0000000)
  object space 56832K, 21% used [0x00000000a0000000,0x00000000a0bf5990,0x00000000a3780000)
 Metaspace       used 27231K, capacity 27768K, committed 28032K, reserved 1073152K
  class space    used 3749K, capacity 3918K, committed 3968K, reserved 1048576K
}
Event: 9.349 GC heap before
{Heap before GC invocations=7 (full 1):
 PSYoungGen      total 71680K, used 71663K [0x00000000e0000000, 0x00000000e8380000, 0x0000000100000000)
  eden space 66560K, 100% used [0x00000000e0000000,0x00000000e4100000,0x00000000e4100000)
  from space 5120K, 99% used [0x00000000e4100000,0x00000000e45fbc10,0x00000000e4600000)
  to   space 10752K, 0% used [0x00000000e7900000,0x00000000e7900000,0x00000000e8380000)
 ParOldGen       total 56832K, used 12246K [0x00000000a0000000, 0x00000000a3780000, 0x00000000e0000000)
  object space 56832K, 21% used [0x00000000a0000000,0x00000000a0bf5990,0x00000000a3780000)
 Metaspace       used 31016K, capacity 31652K, committed 32000K, reserved 1077248K
  class space    used 4254K, capacity 4490K, committed 4608K, reserved 1048576K
Event: 9.365 GC heap after
Heap after GC invocations=7 (full 1):
 PSYoungGen      total 119808K, used 7775K [0x00000000e0000000, 0x00000000e8180000, 0x0000000100000000)
  eden space 111104K, 0% used [0x00000000e0000000,0x00000000e0000000,0x00000000e6c80000)
  from space 8704K, 89% used [0x00000000e7900000,0x00000000e8097c98,0x00000000e8180000)
  to   space 10752K, 0% used [0x00000000e6c80000,0x00000000e6c80000,0x00000000e7700000)
 ParOldGen       total 56832K, used 12254K [0x00000000a0000000, 0x00000000a3780000, 0x00000000e0000000)
  object space 56832K, 21% used [0x00000000a0000000,0x00000000a0bf7990,0x00000000a3780000)
 Metaspace       used 31016K, capacity 31652K, committed 32000K, reserved 1077248K
  class space    used 4254K, capacity 4490K, committed 4608K, reserved 1048576K
}
Event: 10.464 GC heap before
{Heap before GC invocations=8 (full 1):
 PSYoungGen      total 119808K, used 43527K [0x00000000e0000000, 0x00000000e8180000, 0x0000000100000000)
  eden space 111104K, 32% used [0x00000000e0000000,0x00000000e22ea100,0x00000000e6c80000)
  from space 8704K, 89% used [0x00000000e7900000,0x00000000e8097c98,0x00000000e8180000)
  to   space 10752K, 0% used [0x00000000e6c80000,0x00000000e6c80000,0x00000000e7700000)
 ParOldGen       total 56832K, used 12254K [0x00000000a0000000, 0x00000000a3780000, 0x00000000e0000000)
  object space 56832K, 21% used [0x00000000a0000000,0x00000000a0bf7990,0x00000000a3780000)
 Metaspace       used 34557K, capacity 35325K, committed 35416K, reserved 1079296K
  class space    used 4695K, capacity 4992K, committed 4992K, reserved 1048576K
Event: 10.475 GC heap after
Heap after GC invocations=8 (full 1):
 PSYoungGen      total 121856K, used 10230K [0x00000000e0000000, 0x00000000ec880000, 0x0000000100000000)
  eden space 111104K, 0% used [0x00000000e0000000,0x00000000e0000000,0x00000000e6c80000)
  from space 10752K, 95% used [0x00000000e6c80000,0x00000000e767dad0,0x00000000e7700000)
  to   space 11776K, 0% used [0x00000000ebd00000,0x00000000ebd00000,0x00000000ec880000)
 ParOldGen       total 56832K, used 12326K [0x00000000a0000000, 0x00000000a3780000, 0x00000000e0000000)
  object space 56832K, 21% used [0x00000000a0000000,0x00000000a0c099a0,0x00000000a3780000)
 Metaspace       used 34557K, capacity 35325K, committed 35416K, reserved 1079296K
  class space    used 4695K, capacity 4992K, committed 4992K, reserved 1048576K
}
Event: 10.475 GC heap before
{Heap before GC invocations=9 (full 2):
 PSYoungGen      total 121856K, used 10230K [0x00000000e0000000, 0x00000000ec880000, 0x0000000100000000)
  eden space 111104K, 0% used [0x00000000e0000000,0x00000000e0000000,0x00000000e6c80000)
  from space 10752K, 95% used [0x00000000e6c80000,0x00000000e767dad0,0x00000000e7700000)
  to   space 11776K, 0% used [0x00000000ebd00000,0x00000000ebd00000,0x00000000ec880000)
 ParOldGen       total 56832K, used 12326K [0x00000000a0000000, 0x00000000a3780000, 0x00000000e0000000)
  object space 56832K, 21% used [0x00000000a0000000,0x00000000a0c099a0,0x00000000a3780000)
 Metaspace       used 34557K, capacity 35325K, committed 35416K, reserved 1079296K
  class space    used 4695K, capacity 4992K, committed 4992K, reserved 1048576K
Event: 10.570 GC heap after
Heap after GC invocations=9 (full 2):
 PSYoungGen      total 121856K, used 0K [0x00000000e0000000, 0x00000000ec880000, 0x0000000100000000)
  eden space 111104K, 0% used [0x00000000e0000000,0x00000000e0000000,0x00000000e6c80000)
  from space 10752K, 0% used [0x00000000e6c80000,0x00000000e6c80000,0x00000000e7700000)
  to   space 11776K, 0% used [0x00000000ebd00000,0x00000000ebd00000,0x00000000ec880000)
 ParOldGen       total 83968K, used 16748K [0x00000000a0000000, 0x00000000a5200000, 0x00000000e0000000)
  object space 83968K, 19% used [0x00000000a0000000,0x00000000a105b048,0x00000000a5200000)
 Metaspace       used 34557K, capacity 35325K, committed 35416K, reserved 1079296K
  class space    used 4695K, capacity 4992K, committed 4992K, reserved 1048576K
}
Event: 12.215 GC heap before
{Heap before GC invocations=10 (full 2):
 PSYoungGen      total 121856K, used 111104K [0x00000000e0000000, 0x00000000ec880000, 0x0000000100000000)
  eden space 111104K, 100% used [0x00000000e0000000,0x00000000e6c80000,0x00000000e6c80000)
  from space 10752K, 0% used [0x00000000e6c80000,0x00000000e6c80000,0x00000000e7700000)
  to   space 11776K, 0% used [0x00000000ebd00000,0x00000000ebd00000,0x00000000ec880000)
 ParOldGen       total 83968K, used 16748K [0x00000000a0000000, 0x00000000a5200000, 0x00000000e0000000)
  object space 83968K, 19% used [0x00000000a0000000,0x00000000a105b048,0x00000000a5200000)
 Metaspace       used 43773K, capacity 44799K, committed 45016K, reserved 1087488K
  class space    used 5967K, capacity 6279K, committed 6400K, reserved 1048576K
Event: 12.503 GC heap after
Heap after GC invocations=10 (full 2):
 PSYoungGen      total 192512K, used 11686K [0x00000000e0000000, 0x00000000ed700000, 0x0000000100000000)
  eden space 180736K, 0% used [0x00000000e0000000,0x00000000e0000000,0x00000000eb080000)
  from space 11776K, 99% used [0x00000000ebd00000,0x00000000ec8699b8,0x00000000ec880000)
  to   space 12800K, 0% used [0x00000000eb080000,0x00000000eb080000,0x00000000ebd00000)
 ParOldGen       total 83968K, used 16756K [0x00000000a0000000, 0x00000000a5200000, 0x00000000e0000000)
  object space 83968K, 19% used [0x00000000a0000000,0x00000000a105d048,0x00000000a5200000)
 Metaspace       used 43773K, capacity 44799K, committed 45016K, reserved 1087488K
  class space    used 5967K, capacity 6279K, committed 6400K, reserved 1048576K
}
Event: 14.488 GC heap before
{Heap before GC invocations=11 (full 2):
 PSYoungGen      total 192512K, used 192422K [0x00000000e0000000, 0x00000000ed700000, 0x0000000100000000)
  eden space 180736K, 100% used [0x00000000e0000000,0x00000000eb080000,0x00000000eb080000)
  from space 11776K, 99% used [0x00000000ebd00000,0x00000000ec8699b8,0x00000000ec880000)
  to   space 12800K, 0% used [0x00000000eb080000,0x00000000eb080000,0x00000000ebd00000)
 ParOldGen       total 83968K, used 16756K [0x00000000a0000000, 0x00000000a5200000, 0x00000000e0000000)
  object space 83968K, 19% used [0x00000000a0000000,0x00000000a105d048,0x00000000a5200000)
 Metaspace       used 48988K, capacity 50503K, committed 50648K, reserved 1093632K
  class space    used 6711K, capacity 7085K, committed 7168K, reserved 1048576K

