# JRE version: Java(TM) SE Runtime Environment (8.0_66-b17) (build 1.8.0_66-b17)
# Java VM: Java HotSpot(TM) 64-Bit Server VM (25.66-b17 mixed mode windows-amd64 compressed oops)
Heap:
 PSYoungGen      total 355840K, used 338476K [0x00000000e0000000, 0x00000000fdb00000, 0x0000000100000000)
  eden space 327680K, 96% used [0x00000000e0000000,0x00000000f353d230,0x00000000f4000000)
  from space 28160K, 77% used [0x00000000f4000000,0x00000000f554e078,0x00000000f5b80000)
  to   space 29696K, 0% used [0x00000000fbe00000,0x00000000fbe00000,0x00000000fdb00000)
 ParOldGen       total 148992K, used 54504K [0x00000000a0000000, 0x00000000a9180000, 0x00000000e0000000)
  object space 148992K, 36% used [0x00000000a0000000,0x00000000a353a0a0,0x00000000a9180000)
 Metaspace       used 77071K, capacity 81610K, committed 81880K, reserved 1120256K
  class space    used 10180K, capacity 11008K, committed 11008K, reserved 1048576K
GC Heap History (10 events):
Event: 10.976 GC heap before
{Heap before GC invocations=10 (full 2):
 PSYoungGen      total 150528K, used 150144K [0x00000000e0000000, 0x00000000f0200000, 0x0000000100000000)
  eden space 137216K, 100% used [0x00000000e0000000,0x00000000e8600000,0x00000000e8600000)
  from space 13312K, 97% used [0x00000000e8600000,0x00000000e92a0380,0x00000000e9300000)
  to   space 15360K, 0% used [0x00000000ef300000,0x00000000ef300000,0x00000000f0200000)
 ParOldGen       total 87552K, used 15170K [0x00000000a0000000, 0x00000000a5580000, 0x00000000e0000000)
  object space 87552K, 17% used [0x00000000a0000000,0x00000000a0ed0b10,0x00000000a5580000)
 Metaspace       used 47222K, capacity 48574K, committed 48856K, reserved 1091584K
  class space    used 6437K, capacity 6792K, committed 6912K, reserved 1048576K
Event: 11.037 GC heap after
Heap after GC invocations=10 (full 2):
 PSYoungGen      total 246272K, used 15354K [0x00000000e0000000, 0x00000000f0980000, 0x0000000100000000)
  eden space 230912K, 0% used [0x00000000e0000000,0x00000000e0000000,0x00000000ee180000)
  from space 15360K, 99% used [0x00000000ef300000,0x00000000f01fe930,0x00000000f0200000)
  to   space 17920K, 0% used [0x00000000ee180000,0x00000000ee180000,0x00000000ef300000)
 ParOldGen       total 87552K, used 16613K [0x00000000a0000000, 0x00000000a5580000, 0x00000000e0000000)
  object space 87552K, 18% used [0x00000000a0000000,0x00000000a1039748,0x00000000a5580000)
 Metaspace       used 47222K, capacity 48574K, committed 48856K, reserved 1091584K
  class space    used 6437K, capacity 6792K, committed 6912K, reserved 1048576K
}
Event: 13.935 GC heap before
{Heap before GC invocations=11 (full 2):
 PSYoungGen      total 246272K, used 246266K [0x00000000e0000000, 0x00000000f0980000, 0x0000000100000000)
  eden space 230912K, 100% used [0x00000000e0000000,0x00000000ee180000,0x00000000ee180000)
  from space 15360K, 99% used [0x00000000ef300000,0x00000000f01fe930,0x00000000f0200000)
  to   space 17920K, 0% used [0x00000000ee180000,0x00000000ee180000,0x00000000ef300000)
 ParOldGen       total 87552K, used 16613K [0x00000000a0000000, 0x00000000a5580000, 0x00000000e0000000)
  object space 87552K, 18% used [0x00000000a0000000,0x00000000a1039748,0x00000000a5580000)
 Metaspace       used 54352K, capacity 56740K, committed 56920K, reserved 1097728K
  class space    used 7513K, capacity 8012K, committed 8064K, reserved 1048576K
Event: 14.006 GC heap after
Heap after GC invocations=11 (full 2):
 PSYoungGen      total 248832K, used 17888K [0x00000000e0000000, 0x00000000f7780000, 0x0000000100000000)
  eden space 230912K, 0% used [0x00000000e0000000,0x00000000e0000000,0x00000000ee180000)
  from space 17920K, 99% used [0x00000000ee180000,0x00000000ef2f8018,0x00000000ef300000)
  to   space 28672K, 0% used [0x00000000f5b80000,0x00000000f5b80000,0x00000000f7780000)
 ParOldGen       total 87552K, used 37455K [0x00000000a0000000, 0x00000000a5580000, 0x00000000e0000000)
  object space 87552K, 42% used [0x00000000a0000000,0x00000000a2493dd0,0x00000000a5580000)
 Metaspace       used 54352K, capacity 56740K, committed 56920K, reserved 1097728K
  class space    used 7513K, capacity 8012K, committed 8064K, reserved 1048576K
}
Event: 14.477 GC heap before
{Heap before GC invocations=12 (full 2):
 PSYoungGen      total 248832K, used 35533K [0x00000000e0000000, 0x00000000f7780000, 0x0000000100000000)
  eden space 230912K, 7% used [0x00000000e0000000,0x00000000e113b660,0x00000000ee180000)
  from space 17920K, 99% used [0x00000000ee180000,0x00000000ef2f8018,0x00000000ef300000)
  to   space 28672K, 0% used [0x00000000f5b80000,0x00000000f5b80000,0x00000000f7780000)
 ParOldGen       total 87552K, used 37455K [0x00000000a0000000, 0x00000000a5580000, 0x00000000e0000000)
  object space 87552K, 42% used [0x00000000a0000000,0x00000000a2493dd0,0x00000000a5580000)
 Metaspace       used 56299K, capacity 58866K, committed 58968K, reserved 1099776K
  class space    used 7726K, capacity 8278K, committed 8320K, reserved 1048576K
Event: 14.511 GC heap after
Heap after GC invocations=12 (full 2):
 PSYoungGen      total 356352K, used 14956K [0x00000000e0000000, 0x00000000f7a80000, 0x0000000100000000)
  eden space 327680K, 0% used [0x00000000e0000000,0x00000000e0000000,0x00000000f4000000)
  from space 28672K, 52% used [0x00000000f5b80000,0x00000000f6a1b3f0,0x00000000f7780000)
  to   space 28160K, 0% used [0x00000000f4000000,0x00000000f4000000,0x00000000f5b80000)
 ParOldGen       total 87552K, used 43139K [0x00000000a0000000, 0x00000000a5580000, 0x00000000e0000000)
  object space 87552K, 49% used [0x00000000a0000000,0x00000000a2a20e38,0x00000000a5580000)
 Metaspace       used 56299K, capacity 58866K, committed 58968K, reserved 1099776K
  class space    used 7726K, capacity 8278K, committed 8320K, reserved 1048576K
}
Event: 14.511 GC heap before
{Heap before GC invocations=13 (full 3):
 PSYoungGen      total 356352K, used 14956K [0x00000000e0000000, 0x00000000f7a80000, 0x0000000100000000)
  eden space 327680K, 0% used [0x00000000e0000000,0x00000000e0000000,0x00000000f4000000)
  from space 28672K, 52% used [0x00000000f5b80000,0x00000000f6a1b3f0,0x00000000f7780000)
  to   space 28160K, 0% used [0x00000000f4000000,0x00000000f4000000,0x00000000f5b80000)
 ParOldGen       total 87552K, used 43139K [0x00000000a0000000, 0x00000000a5580000, 0x00000000e0000000)
  object space 87552K, 49% used [0x00000000a0000000,0x00000000a2a20e38,0x00000000a5580000)
 Metaspace       used 56299K, capacity 58866K, committed 58968K, reserved 1099776K
  class space    used 7726K, capacity 8278K, committed 8320K, reserved 1048576K
Event: 14.948 GC heap after
Heap after GC invocations=13 (full 3):
 PSYoungGen      total 356352K, used 0K [0x00000000e0000000, 0x00000000f7a80000, 0x0000000100000000)
  eden space 327680K, 0% used [0x00000000e0000000,0x00000000e0000000,0x00000000f4000000)
  from space 28672K, 0% used [0x00000000f5b80000,0x00000000f5b80000,0x00000000f7780000)
  to   space 28160K, 0% used [0x00000000f4000000,0x00000000f4000000,0x00000000f5b80000)
 ParOldGen       total 148992K, used 54496K [0x00000000a0000000, 0x00000000a9180000, 0x00000000e0000000)
  object space 148992K, 36% used [0x00000000a0000000,0x00000000a35380a0,0x00000000a9180000)
 Metaspace       used 56299K, capacity 58866K, committed 58968K, reserved 1099776K
  class space    used 7726K, capacity 8278K, committed 8320K, reserved 1048576K
}
Event: 1081.954 GC heap before
{Heap before GC invocations=14 (full 3):
 PSYoungGen      total 356352K, used 327680K [0x00000000e0000000, 0x00000000f7a80000, 0x0000000100000000)
  eden space 327680K, 100% used [0x00000000e0000000,0x00000000f4000000,0x00000000f4000000)
  from space 28672K, 0% used [0x00000000f5b80000,0x00000000f5b80000,0x00000000f7780000)
  to   space 28160K, 0% used [0x00000000f4000000,0x00000000f4000000,0x00000000f5b80000)
 ParOldGen       total 148992K, used 54496K [0x00000000a0000000, 0x00000000a9180000, 0x00000000e0000000)
  object space 148992K, 36% used [0x00000000a0000000,0x00000000a35380a0,0x00000000a9180000)
 Metaspace       used 70996K, capacity 74334K, committed 74712K, reserved 1114112K
  class space    used 9434K, capacity 10123K, committed 10240K, reserved 1048576K
Event: 1081.978 GC heap after
Heap after GC invocations=14 (full 3):
 PSYoungGen      total 355840K, used 21816K [0x00000000e0000000, 0x00000000fdb00000, 0x0000000100000000)
  eden space 327680K, 0% used [0x00000000e0000000,0x00000000e0000000,0x00000000f4000000)
  from space 28160K, 77% used [0x00000000f4000000,0x00000000f554e078,0x00000000f5b80000)
  to   space 29696K, 0% used [0x00000000fbe00000,0x00000000fbe00000,0x00000000fdb00000)
 ParOldGen       total 148992K, used 54504K [0x00000000a0000000, 0x00000000a9180000, 0x00000000e0000000)
  object space 148992K, 36% used [0x00000000a0000000,0x00000000a353a0a0,0x00000000a9180000)
 Metaspace       used 70996K, capacity 74334K, committed 74712K, reserved 1114112K
  class space    used 9434K, capacity 10123K, committed 10240K, reserved 1048576K
}

