# JRE version: Java(TM) SE Runtime Environment (8.0_66-b17) (build 1.8.0_66-b17)
# Java VM: Java HotSpot(TM) 64-Bit Server VM (25.66-b17 mixed mode windows-amd64 compressed oops)
Heap:
 PSYoungGen      total 403968K, used 70537K [0x00000000e0000000, 0x00000000faa80000, 0x0000000100000000)
  eden space 385536K, 13% used [0x00000000e0000000,0x00000000e32e4040,0x00000000f7880000)
  from space 18432K, 99% used [0x00000000f9500000,0x00000000fa6fe4b0,0x00000000fa700000)
  to   space 25600K, 0% used [0x00000000f7880000,0x00000000f7880000,0x00000000f9180000)
 ParOldGen       total 69120K, used 55528K [0x00000000a0000000, 0x00000000a4380000, 0x00000000e0000000)
  object space 69120K, 80% used [0x00000000a0000000,0x00000000a363a3c8,0x00000000a4380000)
 Metaspace       used 55816K, capacity 58044K, committed 58328K, reserved 1099776K
  class space    used 7443K, capacity 7837K, committed 7936K, reserved 1048576K
GC Heap History (10 events):
Event: 10.679 GC heap before
{Heap before GC invocations=11 (full 2):
 PSYoungGen      total 221696K, used 221269K [0x00000000e0000000, 0x00000000ef180000, 0x0000000100000000)
  eden space 209920K, 100% used [0x00000000e0000000,0x00000000ecd00000,0x00000000ecd00000)
  from space 11776K, 96% used [0x00000000ee600000,0x00000000ef115450,0x00000000ef180000)
  to   space 12800K, 0% used [0x00000000ed880000,0x00000000ed880000,0x00000000ee500000)
 ParOldGen       total 69120K, used 17471K [0x00000000a0000000, 0x00000000a4380000, 0x00000000e0000000)
  object space 69120K, 25% used [0x00000000a0000000,0x00000000a110fda8,0x00000000a4380000)
 Metaspace       used 49519K, capacity 51182K, committed 51416K, reserved 1093632K
  class space    used 6782K, capacity 7094K, committed 7168K, reserved 1048576K
Event: 10.713 GC heap after
Heap after GC invocations=11 (full 2):
 PSYoungGen      total 234496K, used 12786K [0x00000000e0000000, 0x00000000f4300000, 0x0000000100000000)
  eden space 221696K, 0% used [0x00000000e0000000,0x00000000e0000000,0x00000000ed880000)
  from space 12800K, 99% used [0x00000000ed880000,0x00000000ee4fcac0,0x00000000ee500000)
  to   space 18944K, 0% used [0x00000000f3080000,0x00000000f3080000,0x00000000f4300000)
 ParOldGen       total 69120K, used 29220K [0x00000000a0000000, 0x00000000a4380000, 0x00000000e0000000)
  object space 69120K, 42% used [0x00000000a0000000,0x00000000a1c89350,0x00000000a4380000)
 Metaspace       used 49519K, capacity 51182K, committed 51416K, reserved 1093632K
  class space    used 6782K, capacity 7094K, committed 7168K, reserved 1048576K
}
Event: 12.738 GC heap before
{Heap before GC invocations=12 (full 2):
 PSYoungGen      total 234496K, used 46842K [0x00000000e0000000, 0x00000000f4300000, 0x0000000100000000)
  eden space 221696K, 15% used [0x00000000e0000000,0x00000000e2141ef8,0x00000000ed880000)
  from space 12800K, 99% used [0x00000000ed880000,0x00000000ee4fcac0,0x00000000ee500000)
  to   space 18944K, 0% used [0x00000000f3080000,0x00000000f3080000,0x00000000f4300000)
 ParOldGen       total 69120K, used 29220K [0x00000000a0000000, 0x00000000a4380000, 0x00000000e0000000)
  object space 69120K, 42% used [0x00000000a0000000,0x00000000a1c89350,0x00000000a4380000)
 Metaspace       used 50867K, capacity 52692K, committed 52824K, reserved 1095680K
  class space    used 6936K, capacity 7259K, committed 7296K, reserved 1048576K
Event: 12.764 GC heap after
Heap after GC invocations=12 (full 2):
 PSYoungGen      total 311296K, used 13120K [0x00000000e0000000, 0x00000000f4400000, 0x0000000100000000)
  eden space 292352K, 0% used [0x00000000e0000000,0x00000000e0000000,0x00000000f1d80000)
  from space 18944K, 69% used [0x00000000f3080000,0x00000000f3d50010,0x00000000f4300000)
  to   space 19456K, 0% used [0x00000000f1d80000,0x00000000f1d80000,0x00000000f3080000)
 ParOldGen       total 69120K, used 33611K [0x00000000a0000000, 0x00000000a4380000, 0x00000000e0000000)
  object space 69120K, 48% used [0x00000000a0000000,0x00000000a20d2e10,0x00000000a4380000)
 Metaspace       used 50867K, capacity 52692K, committed 52824K, reserved 1095680K
  class space    used 6936K, capacity 7259K, committed 7296K, reserved 1048576K
}
Event: 12.764 GC heap before
{Heap before GC invocations=13 (full 3):
 PSYoungGen      total 311296K, used 13120K [0x00000000e0000000, 0x00000000f4400000, 0x0000000100000000)
  eden space 292352K, 0% used [0x00000000e0000000,0x00000000e0000000,0x00000000f1d80000)
  from space 18944K, 69% used [0x00000000f3080000,0x00000000f3d50010,0x00000000f4300000)
  to   space 19456K, 0% used [0x00000000f1d80000,0x00000000f1d80000,0x00000000f3080000)
 ParOldGen       total 69120K, used 33611K [0x00000000a0000000, 0x00000000a4380000, 0x00000000e0000000)
  object space 69120K, 48% used [0x00000000a0000000,0x00000000a20d2e10,0x00000000a4380000)
 Metaspace       used 50867K, capacity 52692K, committed 52824K, reserved 1095680K
  class space    used 6936K, capacity 7259K, committed 7296K, reserved 1048576K
Event: 13.077 GC heap after
Heap after GC invocations=13 (full 3):
 PSYoungGen      total 311296K, used 0K [0x00000000e0000000, 0x00000000f4400000, 0x0000000100000000)
  eden space 292352K, 0% used [0x00000000e0000000,0x00000000e0000000,0x00000000f1d80000)
  from space 18944K, 0% used [0x00000000f3080000,0x00000000f3080000,0x00000000f4300000)
  to   space 19456K, 0% used [0x00000000f1d80000,0x00000000f1d80000,0x00000000f3080000)
 ParOldGen       total 69120K, used 42303K [0x00000000a0000000, 0x00000000a4380000, 0x00000000e0000000)
  object space 69120K, 61% used [0x00000000a0000000,0x00000000a294fef8,0x00000000a4380000)
 Metaspace       used 50867K, capacity 52692K, committed 52824K, reserved 1095680K
  class space    used 6936K, capacity 7259K, committed 7296K, reserved 1048576K
}
Event: 78.965 GC heap before
{Heap before GC invocations=14 (full 3):
 PSYoungGen      total 311296K, used 292352K [0x00000000e0000000, 0x00000000f4400000, 0x0000000100000000)
  eden space 292352K, 100% used [0x00000000e0000000,0x00000000f1d80000,0x00000000f1d80000)
  from space 18944K, 0% used [0x00000000f3080000,0x00000000f3080000,0x00000000f4300000)
  to   space 19456K, 0% used [0x00000000f1d80000,0x00000000f1d80000,0x00000000f3080000)
 ParOldGen       total 69120K, used 42303K [0x00000000a0000000, 0x00000000a4380000, 0x00000000e0000000)
  object space 69120K, 61% used [0x00000000a0000000,0x00000000a294fef8,0x00000000a4380000)
 Metaspace       used 54732K, capacity 56806K, committed 56920K, reserved 1097728K
  class space    used 7375K, capacity 7754K, committed 7808K, reserved 1048576K
Event: 78.981 GC heap after
Heap after GC invocations=14 (full 3):
 PSYoungGen      total 311808K, used 10457K [0x00000000e0000000, 0x00000000fa700000, 0x0000000100000000)
  eden space 292352K, 0% used [0x00000000e0000000,0x00000000e0000000,0x00000000f1d80000)
  from space 19456K, 53% used [0x00000000f1d80000,0x00000000f27b67a0,0x00000000f3080000)
  to   space 18432K, 0% used [0x00000000f9500000,0x00000000f9500000,0x00000000fa700000)
 ParOldGen       total 69120K, used 42311K [0x00000000a0000000, 0x00000000a4380000, 0x00000000e0000000)
  object space 69120K, 61% used [0x00000000a0000000,0x00000000a2951ef8,0x00000000a4380000)
 Metaspace       used 54732K, capacity 56806K, committed 56920K, reserved 1097728K
  class space    used 7375K, capacity 7754K, committed 7808K, reserved 1048576K
}
Event: 88.044 GC heap before
{Heap before GC invocations=15 (full 3):
 PSYoungGen      total 311808K, used 302809K [0x00000000e0000000, 0x00000000fa700000, 0x0000000100000000)
  eden space 292352K, 100% used [0x00000000e0000000,0x00000000f1d80000,0x00000000f1d80000)
  from space 19456K, 53% used [0x00000000f1d80000,0x00000000f27b67a0,0x00000000f3080000)
  to   space 18432K, 0% used [0x00000000f9500000,0x00000000f9500000,0x00000000fa700000)
 ParOldGen       total 69120K, used 42311K [0x00000000a0000000, 0x00000000a4380000, 0x00000000e0000000)
  object space 69120K, 61% used [0x00000000a0000000,0x00000000a2951ef8,0x00000000a4380000)
 Metaspace       used 55746K, capacity 57974K, committed 58328K, reserved 1099776K
  class space    used 7442K, capacity 7836K, committed 7936K, reserved 1048576K
Event: 88.083 GC heap after
Heap after GC invocations=15 (full 3):
 PSYoungGen      total 403968K, used 18425K [0x00000000e0000000, 0x00000000faa80000, 0x0000000100000000)
  eden space 385536K, 0% used [0x00000000e0000000,0x00000000e0000000,0x00000000f7880000)
  from space 18432K, 99% used [0x00000000f9500000,0x00000000fa6fe4b0,0x00000000fa700000)
  to   space 25600K, 0% used [0x00000000f7880000,0x00000000f7880000,0x00000000f9180000)
 ParOldGen       total 69120K, used 55528K [0x00000000a0000000, 0x00000000a4380000, 0x00000000e0000000)
  object space 69120K, 80% used [0x00000000a0000000,0x00000000a363a3c8,0x00000000a4380000)
 Metaspace       used 55746K, capacity 57974K, committed 58328K, reserved 1099776K
  class space    used 7442K, capacity 7836K, committed 7936K, reserved 1048576K
}

